[ 2017-06-03T00:43:19+08:00 ] ::1 /test/admin.php/Admin/Index/b2.html
ERR: 1054:Unknown column 'tj' in 'where clause'
 [ SQL语句 ] : SELECT COUNT(*) AS tp_count FROM `think_tour` WHERE ( tj ) LIMIT 1  

[ 2017-06-03T00:50:04+08:00 ] ::1 /test/admin.php/Admin/Index/b2.html
ERR: 1054:Unknown column 'status' in 'where clause'
 [ SQL语句 ] : SELECT COUNT(*) AS tp_count FROM `think_tour` WHERE ( status=1 ) LIMIT 1  

[ 2017-06-03T00:56:53+08:00 ] ::1 /test/admin.php/Admin/Index/b2.html
ERR: 1054:Unknown column 'create_time' in 'order clause'
 [ SQL语句 ] : SELECT * FROM `think_tour` ORDER BY create_time LIMIT 0,3  

[ 2017-06-03T01:00:49+08:00 ] ::1 /test/admin.php/Admin/Index/b2.html
ERR: 1054:Unknown column 'create_time' in 'order clause'
 [ SQL语句 ] : SELECT * FROM `think_tour` ORDER BY create_time LIMIT 0,3  

[ 2017-06-03T01:00:51+08:00 ] ::1 /test/admin.php/Admin/Index/b2.html
ERR: 1054:Unknown column 'create_time' in 'order clause'
 [ SQL语句 ] : SELECT * FROM `think_tour` ORDER BY create_time LIMIT 0,3  

[ 2017-06-03T01:01:00+08:00 ] ::1 /test/admin.php/Admin/Index/b2.html
ERR: 1054:Unknown column 'create_time' in 'order clause'
 [ SQL语句 ] : SELECT * FROM `think_tour` ORDER BY create_time LIMIT 0,5  

[ 2017-06-03T01:01:06+08:00 ] ::1 /test/admin.php/Admin/Index/b2.html
ERR: 1054:Unknown column 'create_time' in 'order clause'
 [ SQL语句 ] : SELECT * FROM `think_tour` ORDER BY create_time LIMIT 0,20  

[ 2017-06-03T02:32:04+08:00 ] ::1 /ZhuHai/admin.php/Admin/Index/b1.html
ERR: 非法操作:b1

[ 2017-06-03T16:00:22+08:00 ] ::1 /ZhuHai/admin.php/Admin/Index/addtest.html
ERR: 非法操作:addtest

[ 2017-06-03T16:00:27+08:00 ] ::1 /ZhuHai/admin.php/Admin/Index/addtest.html
ERR: 非法操作:addtest

[ 2017-06-03T16:01:07+08:00 ] ::1 /ZhuHai/admin.php/Admin/Index/b1.html
ERR: 非法操作:b1

[ 2017-06-03T16:01:10+08:00 ] ::1 /ZhuHai/admin.php/Admin/Index/addtest.html
ERR: 非法操作:addtest

[ 2017-06-03T21:18:34+08:00 ] ::1 /ZhuHai/admin.php/Admin/Index/zh1
ERR: 非法操作:zh1

[ 2017-06-03T21:18:39+08:00 ] ::1 /ZhuHai/admin.php/Admin/Index/zh1
ERR: 非法操作:zh1

[ 2017-06-03T21:19:14+08:00 ] ::1 /ZhuHai/admin.php/Admin/Index/zh1
ERR: 非法操作:zh1

[ 2017-06-03T21:19:17+08:00 ] ::1 /ZhuHai/admin.php/Admin/Index/zh1
ERR: 非法操作:zh1

[ 2017-06-03T21:19:20+08:00 ] ::1 /ZhuHai/admin.php/Admin/Index/zh1
ERR: 非法操作:zh1

[ 2017-06-03T21:19:27+08:00 ] ::1 /ZhuHai/admin.php/Admin/Index/index.php/Home/Index/zh1.html
ERR: 非法操作:index.php

[ 2017-06-03T21:19:39+08:00 ] ::1 /ZhuHai/admin.php/Admin/Index/index.php/Home/Index/zh1.html
ERR: 非法操作:index.php

[ 2017-06-03T21:19:46+08:00 ] ::1 /ZhuHai/admin.php/Admin/Index/index.php/Home/Index/zh1.html
ERR: 非法操作:index.php

[ 2017-06-03T21:29:45+08:00 ] ::1 /ZhuHai/admin.php/Admin/Index/__ROOT__/index.php/Home/Index/zh1.html
ERR: 非法操作:__ROOT__

[ 2017-06-03T21:32:03+08:00 ] ::1 /ZhuHai/admin.php/Admin/Index/__ROOT__/index.php/Home/Index/zh1.html
ERR: 非法操作:__ROOT__

[ 2017-06-03T21:32:08+08:00 ] ::1 /ZhuHai/admin.php/Admin/Index/__ROOT__/index.php/Home/Index/zh1.html
ERR: 非法操作:__ROOT__

[ 2017-06-03T21:32:52+08:00 ] ::1 /ZhuHai/admin.php/Admin/Index/__ROOT__/index.php/Home/Index/zh1.html
ERR: 非法操作:__ROOT__

