[ 2017-06-01T08:50:43+08:00 ] 127.0.0.1 /test/admin.php/Admin/Login/index
INFO: [ app_init ] --START--
INFO: Run Behavior\BuildLiteBehavior [ RunTime:0.000034s ]
INFO: [ app_init ] --END-- [ RunTime:0.000694s ]
INFO: [ app_begin ] --START--
INFO: Run Behavior\ReadHtmlCacheBehavior [ RunTime:0.001081s ]
INFO: [ app_begin ] --END-- [ RunTime:0.001286s ]
INFO: [ view_parse ] --START--
INFO: [ template_filter ] --START--
INFO: Run Behavior\ContentReplaceBehavior [ RunTime:0.000097s ]
INFO: [ template_filter ] --END-- [ RunTime:0.000258s ]
INFO: Run Behavior\ParseTemplateBehavior [ RunTime:0.010198s ]
INFO: [ view_parse ] --END-- [ RunTime:0.010374s ]
INFO: [ view_filter ] --START--
INFO: Run Behavior\WriteHtmlCacheBehavior [ RunTime:0.000572s ]
INFO: [ view_filter ] --END-- [ RunTime:0.000713s ]
INFO: [ app_end ] --START--
INFO: Run Behavior\ShowPageTraceBehavior [ RunTime:0.001132s ]
INFO: [ app_end ] --END-- [ RunTime:0.001282s ]

[ 2017-06-01T08:50:49+08:00 ] 127.0.0.1 /test/admin.php/Admin/Login/login.html
INFO: [ app_init ] --START--
INFO: Run Behavior\BuildLiteBehavior [ RunTime:0.000029s ]
INFO: [ app_init ] --END-- [ RunTime:0.000763s ]
INFO: [ app_begin ] --START--
INFO: Run Behavior\ReadHtmlCacheBehavior [ RunTime:0.000792s ]
INFO: [ app_begin ] --END-- [ RunTime:0.000930s ]
SQL: SHOW COLUMNS FROM `think_user` [ RunTime:0.0529s ]
SQL: SELECT * FROM `think_user` WHERE `account` = 'admin' LIMIT 1   [ RunTime:0.0004s ]
INFO: [ view_parse ] --START--
INFO: [ template_filter ] --START--
INFO: Run Behavior\ContentReplaceBehavior [ RunTime:0.000193s ]
INFO: [ template_filter ] --END-- [ RunTime:0.000556s ]
INFO: Run Behavior\ParseTemplateBehavior [ RunTime:0.032643s ]
INFO: [ view_parse ] --END-- [ RunTime:0.032917s ]
INFO: [ view_filter ] --START--
INFO: Run Behavior\WriteHtmlCacheBehavior [ RunTime:0.001094s ]
INFO: [ view_filter ] --END-- [ RunTime:0.001379s ]
INFO: [ app_end ] --START--
INFO: Run Behavior\ShowPageTraceBehavior [ RunTime:0.002106s ]
INFO: [ app_end ] --END-- [ RunTime:0.002450s ]

[ 2017-06-01T08:50:50+08:00 ] 127.0.0.1 /test/admin.php/Admin/Index/index.html
INFO: [ app_init ] --START--
INFO: Run Behavior\BuildLiteBehavior [ RunTime:0.000029s ]
INFO: [ app_init ] --END-- [ RunTime:0.000560s ]
INFO: [ app_begin ] --START--
INFO: Run Behavior\ReadHtmlCacheBehavior [ RunTime:0.000685s ]
INFO: [ app_begin ] --END-- [ RunTime:0.000823s ]
INFO: [ view_parse ] --START--
INFO: [ template_filter ] --START--
INFO: Run Behavior\ContentReplaceBehavior [ RunTime:0.000140s ]
INFO: [ template_filter ] --END-- [ RunTime:0.000320s ]
INFO: Run Behavior\ParseTemplateBehavior [ RunTime:0.010896s ]
INFO: [ view_parse ] --END-- [ RunTime:0.011018s ]
INFO: [ view_filter ] --START--
INFO: Run Behavior\WriteHtmlCacheBehavior [ RunTime:0.000443s ]
INFO: [ view_filter ] --END-- [ RunTime:0.000593s ]
INFO: [ app_end ] --START--
INFO: Run Behavior\ShowPageTraceBehavior [ RunTime:0.000959s ]
INFO: [ app_end ] --END-- [ RunTime:0.001058s ]

[ 2017-06-01T08:51:08+08:00 ] 127.0.0.1 /test/admin.php/Admin/Index/crop.class.php.html
INFO: [ app_init ] --START--
INFO: Run Behavior\BuildLiteBehavior [ RunTime:0.000023s ]
INFO: [ app_init ] --END-- [ RunTime:0.000501s ]
INFO: [ app_begin ] --START--
INFO: Run Behavior\ReadHtmlCacheBehavior [ RunTime:0.000714s ]
INFO: [ app_begin ] --END-- [ RunTime:0.000817s ]
ERR: 非法操作:crop.class.php

[ 2017-06-01T08:51:15+08:00 ] 127.0.0.1 /test/admin.php/Admin/Index/crop.class.php.html
INFO: [ app_init ] --START--
INFO: Run Behavior\BuildLiteBehavior [ RunTime:0.000023s ]
INFO: [ app_init ] --END-- [ RunTime:0.000490s ]
INFO: [ app_begin ] --START--
INFO: Run Behavior\ReadHtmlCacheBehavior [ RunTime:0.000798s ]
INFO: [ app_begin ] --END-- [ RunTime:0.000889s ]
ERR: 非法操作:crop.class.php

[ 2017-06-01T08:51:33+08:00 ] 127.0.0.1 /test/admin.php/Admin/Index/crop.class.php.html
INFO: [ app_init ] --START--
INFO: Run Behavior\BuildLiteBehavior [ RunTime:0.000024s ]
INFO: [ app_init ] --END-- [ RunTime:0.000507s ]
INFO: [ app_begin ] --START--
INFO: Run Behavior\ReadHtmlCacheBehavior [ RunTime:0.000583s ]
INFO: [ app_begin ] --END-- [ RunTime:0.000683s ]
ERR: 非法操作:crop.class.php

[ 2017-06-01T09:52:24+08:00 ] 127.0.0.1 /test/admin.php/Admin/Index/index.html
INFO: [ app_init ] --START--
INFO: Run Behavior\BuildLiteBehavior [ RunTime:0.000030s ]
INFO: [ app_init ] --END-- [ RunTime:0.000726s ]
INFO: [ app_begin ] --START--
INFO: Run Behavior\ReadHtmlCacheBehavior [ RunTime:0.000866s ]
INFO: [ app_begin ] --END-- [ RunTime:0.001016s ]

[ 2017-06-01T09:52:59+08:00 ] 127.0.0.1 /test/admin.php/Admin/Index/index.html
INFO: [ app_init ] --START--
INFO: Run Behavior\BuildLiteBehavior [ RunTime:0.000040s ]
INFO: [ app_init ] --END-- [ RunTime:0.000717s ]
INFO: [ app_begin ] --START--
INFO: Run Behavior\ReadHtmlCacheBehavior [ RunTime:0.000903s ]
INFO: [ app_begin ] --END-- [ RunTime:0.001069s ]

[ 2017-06-01T09:53:09+08:00 ] 127.0.0.1 /test/admin.php/Admin/Index/index.html
INFO: [ app_init ] --START--
INFO: Run Behavior\BuildLiteBehavior [ RunTime:0.000055s ]
INFO: [ app_init ] --END-- [ RunTime:0.000564s ]
INFO: [ app_begin ] --START--
INFO: Run Behavior\ReadHtmlCacheBehavior [ RunTime:0.000886s ]
INFO: [ app_begin ] --END-- [ RunTime:0.001007s ]

[ 2017-06-01T09:53:26+08:00 ] 127.0.0.1 /test/admin.php/Admin/Index/index.html
INFO: [ app_init ] --START--
INFO: Run Behavior\BuildLiteBehavior [ RunTime:0.000030s ]
INFO: [ app_init ] --END-- [ RunTime:0.000674s ]
INFO: [ app_begin ] --START--
INFO: Run Behavior\ReadHtmlCacheBehavior [ RunTime:0.000801s ]
INFO: [ app_begin ] --END-- [ RunTime:0.000939s ]
INFO: [ view_parse ] --START--
INFO: [ template_filter ] --START--
INFO: Run Behavior\ContentReplaceBehavior [ RunTime:0.000102s ]
INFO: [ template_filter ] --END-- [ RunTime:0.000206s ]
INFO: Run Behavior\ParseTemplateBehavior [ RunTime:0.008549s ]
INFO: [ view_parse ] --END-- [ RunTime:0.008668s ]
INFO: [ view_filter ] --START--
INFO: Run Behavior\WriteHtmlCacheBehavior [ RunTime:0.000539s ]
INFO: [ view_filter ] --END-- [ RunTime:0.000650s ]
INFO: [ app_end ] --START--
INFO: Run Behavior\ShowPageTraceBehavior [ RunTime:0.000813s ]
INFO: [ app_end ] --END-- [ RunTime:0.000917s ]

[ 2017-06-01T10:48:18+08:00 ] 127.0.0.1 /test/admin.php/Admin/Index/index.html
ERR: 1146:Table 'zhuhai.think_image' doesn't exist
 [ SQL语句 ] : SHOW COLUMNS FROM `think_image`

[ 2017-06-01T11:01:38+08:00 ] 127.0.0.1 /test/admin.php/Admin/Index/upload
ERR: 非法操作:upload

[ 2017-06-01T11:01:51+08:00 ] 127.0.0.1 /test/admin.php/Admin/Index/upload
ERR: 非法操作:upload

[ 2017-06-01T11:39:43+08:00 ] 127.0.0.1 /test/admin.php/Admin/Index/upload
ERR: 1048:Column 'image' cannot be null
 [ SQL语句 ] : INSERT INTO `think_image` (`image`,`create_time`) VALUES (NULL,'1496288383')

[ 2017-06-01T11:41:38+08:00 ] 127.0.0.1 /test/admin.php/Admin/Index/upload
ERR: 1048:Column 'image' cannot be null
 [ SQL语句 ] : INSERT INTO `think_image` (`image`,`create_time`) VALUES (NULL,'1496288498')

[ 2017-06-01T11:41:41+08:00 ] 127.0.0.1 /test/admin.php/Admin/Index/upload
ERR: 1048:Column 'image' cannot be null
 [ SQL语句 ] : INSERT INTO `think_image` (`image`,`create_time`) VALUES (NULL,'1496288501')

[ 2017-06-01T11:41:42+08:00 ] 127.0.0.1 /test/admin.php/Admin/Index/upload
ERR: 1048:Column 'image' cannot be null
 [ SQL语句 ] : INSERT INTO `think_image` (`image`,`create_time`) VALUES (NULL,'1496288502')

[ 2017-06-01T11:42:25+08:00 ] 127.0.0.1 /test/admin.php/Admin/Index/upload
ERR: 非法操作:upload

[ 2017-06-01T12:01:57+08:00 ] 127.0.0.1 /test/admin.php/Admin/Index/upload
ERR: 1048:Column 'image' cannot be null
 [ SQL语句 ] : INSERT INTO `think_image` (`image`,`create_time`) VALUES (NULL,'1496289717')

[ 2017-06-01T12:04:16+08:00 ] 127.0.0.1 /test/admin.php/Admin/Index/upload
ERR: 模板不存在:./ZhuHai/Admin/View/Index/upload.html

[ 2017-06-01T12:05:37+08:00 ] 127.0.0.1 /test/admin.php/Admin/Index/upload
ERR: 模板不存在:./ZhuHai/Admin/View/Index/index.html.html

